<?xml version="1.0" encoding="UTF-8"?>
<testsuite xmlns:xsi="http://www.w3.org/2001/XMLSchema-instance" xsi:noNamespaceSchemaLocation="https://maven.apache.org/surefire/maven-surefire-plugin/xsd/surefire-test-report.xsd" name="SBI.HelloWorldTest" time="0.335" tests="1" errors="0" skipped="0" failures="0">
  <properties>
    <property name="sun.desktop" value="windows"/>
    <property name="awt.toolkit" value="sun.awt.windows.WToolkit"/>
    <property name="file.encoding.pkg" value="sun.io"/>
    <property name="java.specification.version" value="1.8"/>
    <property name="sun.cpu.isalist" value="amd64"/>
    <property name="sun.jnu.encoding" value="Cp1252"/>
    <property name="java.class.path" value="D:\Devops_Prabhu_20200901\PROJECTS\SBI\SBI\target\test-classes;D:\Devops_Prabhu_20200901\PROJECTS\SBI\SBI\target\classes;C:\Users\Prabhu\.m2\repository\org\xwiki\commons\xwiki-commons-component-api\12.7.1\xwiki-commons-component-api-12.7.1.jar;C:\Users\Prabhu\.m2\repository\org\xwiki\commons\xwiki-commons-stability\12.7.1\xwiki-commons-stability-12.7.1.jar;C:\Users\Prabhu\.m2\repository\org\xwiki\commons\xwiki-commons-text\12.7.1\xwiki-commons-text-12.7.1.jar;C:\Users\Prabhu\.m2\repository\org\apache\commons\commons-lang3\3.11\commons-lang3-3.11.jar;C:\Users\Prabhu\.m2\repository\org\slf4j\slf4j-api\1.7.30\slf4j-api-1.7.30.jar;C:\Users\Prabhu\.m2\repository\javax\inject\javax.inject\1\javax.inject-1.jar;C:\Users\Prabhu\.m2\repository\org\xwiki\commons\xwiki-commons-script\12.7.1\xwiki-commons-script-12.7.1.jar;C:\Users\Prabhu\.m2\repository\org\xwiki\commons\xwiki-commons-context\12.7.1\xwiki-commons-context-12.7.1.jar;C:\Users\Prabhu\.m2\repository\org\xwiki\commons\xwiki-commons-observation-api\12.7.1\xwiki-commons-observation-api-12.7.1.jar;C:\Users\Prabhu\.m2\repository\org\xwiki\commons\xwiki-commons-tool-test-component\12.7.1\xwiki-commons-tool-test-component-12.7.1.jar;C:\Users\Prabhu\.m2\repository\org\xwiki\commons\xwiki-commons-tool-test-simple\12.7.1\xwiki-commons-tool-test-simple-12.7.1.jar;C:\Users\Prabhu\.m2\repository\junit\junit\4.13\junit-4.13.jar;C:\Users\Prabhu\.m2\repository\org\hamcrest\hamcrest-core\1.3\hamcrest-core-1.3.jar;C:\Users\Prabhu\.m2\repository\org\junit\jupiter\junit-jupiter\5.6.2\junit-jupiter-5.6.2.jar;C:\Users\Prabhu\.m2\repository\org\junit\jupiter\junit-jupiter-api\5.6.2\junit-jupiter-api-5.6.2.jar;C:\Users\Prabhu\.m2\repository\org\opentest4j\opentest4j\1.2.0\opentest4j-1.2.0.jar;C:\Users\Prabhu\.m2\repository\org\junit\platform\junit-platform-commons\1.6.2\junit-platform-commons-1.6.2.jar;C:\Users\Prabhu\.m2\repository\org\junit\jupiter\junit-jupiter-params\5.6.2\junit-jupiter-params-5.6.2.jar;C:\Users\Prabhu\.m2\repository\org\junit\jupiter\junit-jupiter-engine\5.6.2\junit-jupiter-engine-5.6.2.jar;C:\Users\Prabhu\.m2\repository\org\junit\platform\junit-platform-launcher\1.6.2\junit-platform-launcher-1.6.2.jar;C:\Users\Prabhu\.m2\repository\org\apiguardian\apiguardian-api\1.1.0\apiguardian-api-1.1.0.jar;C:\Users\Prabhu\.m2\repository\org\junit\platform\junit-platform-engine\1.6.2\junit-platform-engine-1.6.2.jar;C:\Users\Prabhu\.m2\repository\org\junit\vintage\junit-vintage-engine\5.6.2\junit-vintage-engine-5.6.2.jar;C:\Users\Prabhu\.m2\repository\org\hamcrest\hamcrest-library\2.2\hamcrest-library-2.2.jar;C:\Users\Prabhu\.m2\repository\org\jmock\jmock\2.12.0\jmock-2.12.0.jar;C:\Users\Prabhu\.m2\repository\org\jmock\jmock-testjar\2.12.0\jmock-testjar-2.12.0.jar;C:\Users\Prabhu\.m2\repository\org\hamcrest\hamcrest\2.1\hamcrest-2.1.jar;C:\Users\Prabhu\.m2\repository\org\ow2\asm\asm\7.1\asm-7.1.jar;C:\Users\Prabhu\.m2\repository\org\apache-extras\beanshell\bsh\2.0b6\bsh-2.0b6.jar;C:\Users\Prabhu\.m2\repository\org\jmock\jmock-junit4\2.12.0\jmock-junit4-2.12.0.jar;C:\Users\Prabhu\.m2\repository\org\jmock\jmock-legacy\2.12.0\jmock-legacy-2.12.0.jar;C:\Users\Prabhu\.m2\repository\cglib\cglib\3.2.8\cglib-3.2.8.jar;C:\Users\Prabhu\.m2\repository\org\jmock\jmock-imposters\2.12.0\jmock-imposters-2.12.0.jar;C:\Users\Prabhu\.m2\repository\commons-io\commons-io\2.7\commons-io-2.7.jar;C:\Users\Prabhu\.m2\repository\org\mockito\mockito-core\3.4.6\mockito-core-3.4.6.jar;C:\Users\Prabhu\.m2\repository\net\bytebuddy\byte-buddy\1.10.13\byte-buddy-1.10.13.jar;C:\Users\Prabhu\.m2\repository\net\bytebuddy\byte-buddy-agent\1.10.13\byte-buddy-agent-1.10.13.jar;C:\Users\Prabhu\.m2\repository\org\objenesis\objenesis\2.6\objenesis-2.6.jar;C:\Users\Prabhu\.m2\repository\org\mockito\mockito-junit-jupiter\3.4.6\mockito-junit-jupiter-3.4.6.jar;C:\Users\Prabhu\.m2\repository\ch\qos\logback\logback-classic\1.2.3\logback-classic-1.2.3.jar;C:\Users\Prabhu\.m2\repository\ch\qos\logback\logback-core\1.2.3\logback-core-1.2.3.jar;C:\Users\Prabhu\.m2\repository\org\slf4j\jcl-over-slf4j\1.7.30\jcl-over-slf4j-1.7.30.jar;C:\Users\Prabhu\.m2\repository\org\slf4j\log4j-over-slf4j\1.7.30\log4j-over-slf4j-1.7.30.jar;C:\Users\Prabhu\.m2\repository\org\xwiki\commons\xwiki-commons-component-default\12.7.1\xwiki-commons-component-default-12.7.1.jar;C:\Users\Prabhu\.m2\repository\org\xwiki\commons\xwiki-commons-component-observation\12.7.1\xwiki-commons-component-observation-12.7.1.jar;C:\Users\Prabhu\.m2\repository\org\xwiki\commons\xwiki-commons-configuration-api\12.7.1\xwiki-commons-configuration-api-12.7.1.jar;C:\Users\Prabhu\.m2\repository\commons-beanutils\commons-beanutils\1.9.4\commons-beanutils-1.9.4.jar;C:\Users\Prabhu\.m2\repository\commons-collections\commons-collections\3.2.2\commons-collections-3.2.2.jar;"/>
    <property name="java.vm.vendor" value="Oracle Corporation"/>
    <property name="sun.arch.data.model" value="64"/>
    <property name="user.variant" value=""/>
    <property name="java.vendor.url" value="http://java.oracle.com/"/>
    <property name="user.timezone" value="Asia/Calcutta"/>
    <property name="java.vm.specification.version" value="1.8"/>
    <property name="os.name" value="Windows 7"/>
    <property name="user.country" value="US"/>
    <property name="sun.java.launcher" value="SUN_STANDARD"/>
    <property name="sun.boot.library.path" value="C:\Program Files\Java\jdk1.8.0_261\jre\bin"/>
    <property name="sun.java.command" value="C:\Users\Prabhu\AppData\Local\Temp\surefire1703307601430465439\surefirebooter2213579893413086914.jar C:\Users\Prabhu\AppData\Local\Temp\surefire1703307601430465439 2020-09-13T15-06-56_314-jvmRun1 surefire3728711071380303528tmp surefire_06035383537665229241tmp"/>
    <property name="surefire.test.class.path" value="D:\Devops_Prabhu_20200901\PROJECTS\SBI\SBI\target\test-classes;D:\Devops_Prabhu_20200901\PROJECTS\SBI\SBI\target\classes;C:\Users\Prabhu\.m2\repository\org\xwiki\commons\xwiki-commons-component-api\12.7.1\xwiki-commons-component-api-12.7.1.jar;C:\Users\Prabhu\.m2\repository\org\xwiki\commons\xwiki-commons-stability\12.7.1\xwiki-commons-stability-12.7.1.jar;C:\Users\Prabhu\.m2\repository\org\xwiki\commons\xwiki-commons-text\12.7.1\xwiki-commons-text-12.7.1.jar;C:\Users\Prabhu\.m2\repository\org\apache\commons\commons-lang3\3.11\commons-lang3-3.11.jar;C:\Users\Prabhu\.m2\repository\org\slf4j\slf4j-api\1.7.30\slf4j-api-1.7.30.jar;C:\Users\Prabhu\.m2\repository\javax\inject\javax.inject\1\javax.inject-1.jar;C:\Users\Prabhu\.m2\repository\org\xwiki\commons\xwiki-commons-script\12.7.1\xwiki-commons-script-12.7.1.jar;C:\Users\Prabhu\.m2\repository\org\xwiki\commons\xwiki-commons-context\12.7.1\xwiki-commons-context-12.7.1.jar;C:\Users\Prabhu\.m2\repository\org\xwiki\commons\xwiki-commons-observation-api\12.7.1\xwiki-commons-observation-api-12.7.1.jar;C:\Users\Prabhu\.m2\repository\org\xwiki\commons\xwiki-commons-tool-test-component\12.7.1\xwiki-commons-tool-test-component-12.7.1.jar;C:\Users\Prabhu\.m2\repository\org\xwiki\commons\xwiki-commons-tool-test-simple\12.7.1\xwiki-commons-tool-test-simple-12.7.1.jar;C:\Users\Prabhu\.m2\repository\junit\junit\4.13\junit-4.13.jar;C:\Users\Prabhu\.m2\repository\org\hamcrest\hamcrest-core\1.3\hamcrest-core-1.3.jar;C:\Users\Prabhu\.m2\repository\org\junit\jupiter\junit-jupiter\5.6.2\junit-jupiter-5.6.2.jar;C:\Users\Prabhu\.m2\repository\org\junit\jupiter\junit-jupiter-api\5.6.2\junit-jupiter-api-5.6.2.jar;C:\Users\Prabhu\.m2\repository\org\opentest4j\opentest4j\1.2.0\opentest4j-1.2.0.jar;C:\Users\Prabhu\.m2\repository\org\junit\platform\junit-platform-commons\1.6.2\junit-platform-commons-1.6.2.jar;C:\Users\Prabhu\.m2\repository\org\junit\jupiter\junit-jupiter-params\5.6.2\junit-jupiter-params-5.6.2.jar;C:\Users\Prabhu\.m2\repository\org\junit\jupiter\junit-jupiter-engine\5.6.2\junit-jupiter-engine-5.6.2.jar;C:\Users\Prabhu\.m2\repository\org\junit\platform\junit-platform-launcher\1.6.2\junit-platform-launcher-1.6.2.jar;C:\Users\Prabhu\.m2\repository\org\apiguardian\apiguardian-api\1.1.0\apiguardian-api-1.1.0.jar;C:\Users\Prabhu\.m2\repository\org\junit\platform\junit-platform-engine\1.6.2\junit-platform-engine-1.6.2.jar;C:\Users\Prabhu\.m2\repository\org\junit\vintage\junit-vintage-engine\5.6.2\junit-vintage-engine-5.6.2.jar;C:\Users\Prabhu\.m2\repository\org\hamcrest\hamcrest-library\2.2\hamcrest-library-2.2.jar;C:\Users\Prabhu\.m2\repository\org\jmock\jmock\2.12.0\jmock-2.12.0.jar;C:\Users\Prabhu\.m2\repository\org\jmock\jmock-testjar\2.12.0\jmock-testjar-2.12.0.jar;C:\Users\Prabhu\.m2\repository\org\hamcrest\hamcrest\2.1\hamcrest-2.1.jar;C:\Users\Prabhu\.m2\repository\org\ow2\asm\asm\7.1\asm-7.1.jar;C:\Users\Prabhu\.m2\repository\org\apache-extras\beanshell\bsh\2.0b6\bsh-2.0b6.jar;C:\Users\Prabhu\.m2\repository\org\jmock\jmock-junit4\2.12.0\jmock-junit4-2.12.0.jar;C:\Users\Prabhu\.m2\repository\org\jmock\jmock-legacy\2.12.0\jmock-legacy-2.12.0.jar;C:\Users\Prabhu\.m2\repository\cglib\cglib\3.2.8\cglib-3.2.8.jar;C:\Users\Prabhu\.m2\repository\org\jmock\jmock-imposters\2.12.0\jmock-imposters-2.12.0.jar;C:\Users\Prabhu\.m2\repository\commons-io\commons-io\2.7\commons-io-2.7.jar;C:\Users\Prabhu\.m2\repository\org\mockito\mockito-core\3.4.6\mockito-core-3.4.6.jar;C:\Users\Prabhu\.m2\repository\net\bytebuddy\byte-buddy\1.10.13\byte-buddy-1.10.13.jar;C:\Users\Prabhu\.m2\repository\net\bytebuddy\byte-buddy-agent\1.10.13\byte-buddy-agent-1.10.13.jar;C:\Users\Prabhu\.m2\repository\org\objenesis\objenesis\2.6\objenesis-2.6.jar;C:\Users\Prabhu\.m2\repository\org\mockito\mockito-junit-jupiter\3.4.6\mockito-junit-jupiter-3.4.6.jar;C:\Users\Prabhu\.m2\repository\ch\qos\logback\logback-classic\1.2.3\logback-classic-1.2.3.jar;C:\Users\Prabhu\.m2\repository\ch\qos\logback\logback-core\1.2.3\logback-core-1.2.3.jar;C:\Users\Prabhu\.m2\repository\org\slf4j\jcl-over-slf4j\1.7.30\jcl-over-slf4j-1.7.30.jar;C:\Users\Prabhu\.m2\repository\org\slf4j\log4j-over-slf4j\1.7.30\log4j-over-slf4j-1.7.30.jar;C:\Users\Prabhu\.m2\repository\org\xwiki\commons\xwiki-commons-component-default\12.7.1\xwiki-commons-component-default-12.7.1.jar;C:\Users\Prabhu\.m2\repository\org\xwiki\commons\xwiki-commons-component-observation\12.7.1\xwiki-commons-component-observation-12.7.1.jar;C:\Users\Prabhu\.m2\repository\org\xwiki\commons\xwiki-commons-configuration-api\12.7.1\xwiki-commons-configuration-api-12.7.1.jar;C:\Users\Prabhu\.m2\repository\commons-beanutils\commons-beanutils\1.9.4\commons-beanutils-1.9.4.jar;C:\Users\Prabhu\.m2\repository\commons-collections\commons-collections\3.2.2\commons-collections-3.2.2.jar;"/>
    <property name="sun.cpu.endian" value="little"/>
    <property name="user.home" value="C:\Users\Prabhu"/>
    <property name="user.language" value="en"/>
    <property name="java.specification.vendor" value="Oracle Corporation"/>
    <property name="java.home" value="C:\Program Files\Java\jdk1.8.0_261\jre"/>
    <property name="basedir" value="D:\Devops_Prabhu_20200901\PROJECTS\SBI\SBI"/>
    <property name="file.separator" value="\"/>
    <property name="line.separator" value="&#10;"/>
    <property name="java.vm.specification.vendor" value="Oracle Corporation"/>
    <property name="java.specification.name" value="Java Platform API Specification"/>
    <property name="java.awt.graphicsenv" value="sun.awt.Win32GraphicsEnvironment"/>
    <property name="surefire.real.class.path" value="C:\Users\Prabhu\AppData\Local\Temp\surefire1703307601430465439\surefirebooter2213579893413086914.jar"/>
    <property name="sun.boot.class.path" value="C:\Program Files\Java\jdk1.8.0_261\jre\lib\resources.jar;C:\Program Files\Java\jdk1.8.0_261\jre\lib\rt.jar;C:\Program Files\Java\jdk1.8.0_261\jre\lib\sunrsasign.jar;C:\Program Files\Java\jdk1.8.0_261\jre\lib\jsse.jar;C:\Program Files\Java\jdk1.8.0_261\jre\lib\jce.jar;C:\Program Files\Java\jdk1.8.0_261\jre\lib\charsets.jar;C:\Program Files\Java\jdk1.8.0_261\jre\lib\jfr.jar;C:\Program Files\Java\jdk1.8.0_261\jre\classes"/>
    <property name="user.script" value=""/>
    <property name="sun.management.compiler" value="HotSpot 64-Bit Tiered Compilers"/>
    <property name="java.runtime.version" value="1.8.0_261-b12"/>
    <property name="user.name" value="Prabhu"/>
    <property name="path.separator" value=";"/>
    <property name="os.version" value="6.1"/>
    <property name="java.endorsed.dirs" value="C:\Program Files\Java\jdk1.8.0_261\jre\lib\endorsed"/>
    <property name="java.runtime.name" value="Java(TM) SE Runtime Environment"/>
    <property name="file.encoding" value="Cp1252"/>
    <property name="java.vm.name" value="Java HotSpot(TM) 64-Bit Server VM"/>
    <property name="localRepository" value="C:\Users\Prabhu\.m2\repository"/>
    <property name="java.vendor.url.bug" value="http://bugreport.sun.com/bugreport/"/>
    <property name="java.io.tmpdir" value="C:\Users\Prabhu\AppData\Local\Temp\"/>
    <property name="java.version" value="1.8.0_261"/>
    <property name="user.dir" value="D:\Devops_Prabhu_20200901\PROJECTS\SBI\SBI"/>
    <property name="os.arch" value="amd64"/>
    <property name="java.vm.specification.name" value="Java Virtual Machine Specification"/>
    <property name="java.awt.printerjob" value="sun.awt.windows.WPrinterJob"/>
    <property name="sun.os.patch.level" value="Service Pack 1"/>
    <property name="java.library.path" value="C:\Program Files\Java\jdk1.8.0_261\jre\bin;C:\Windows\Sun\Java\bin;C:\Windows\system32;C:\Windows;C:\Program Files (x86)\Common Files\Oracle\Java\javapath;D:\app\Oracleuser\product\12.2.0\dbhome_1\bin;C:\Windows\system32;C:\Windows;C:\Windows\System32\Wbem;C:\Windows\System32\WindowsPowerShell\v1.0\;C:\HashiCorp\Vagrant\bin;C:\Windows\System32\WindowsPowerShell\v1.0\;C:\Program Files\Git\cmd;C:\Program Files\Java\jdk1.8.0_261\bin;D:\Software\Maven\apache-maven-3.6.3-bin\apache-maven-3.6.3\bin;."/>
    <property name="java.vm.info" value="mixed mode"/>
    <property name="java.vendor" value="Oracle Corporation"/>
    <property name="java.vm.version" value="25.261-b12"/>
    <property name="java.ext.dirs" value="C:\Program Files\Java\jdk1.8.0_261\jre\lib\ext;C:\Windows\Sun\Java\lib\ext"/>
    <property name="sun.io.unicode.encoding" value="UnicodeLittle"/>
    <property name="java.class.version" value="52.0"/>
  </properties>
  <testcase name="sayHello" classname="SBI.HelloWorldTest" time="0.315"/>
</testsuite>